<?xml version="1.0" encoding="UTF-8"?>
<!-- Generated by org.testng.reporters.JUnitXMLReporter -->
<testsuite hostname="TYSS-MF-034" ignored="2" name="Module1_ANDROID" tests="2" failures="0" timestamp="30 Nov 2017 11:24:37 GMT" time="485.256" errors="0">
  <testcase name="TC_1" time="89.763" classname="com.cbt.docsapp.android.tests.Module1.TC_1"/>
  <testcase name="TC_2" time="162.293" classname="com.cbt.docsapp.android.tests.Module1.TC_2"/>
  <testcase name="@BeforeTest startAppiumServer" time="0.0" classname="com.cbt.docsapp.util.BaseClass_Android">
    <ignored/>
  </testcase> <!-- @BeforeTest startAppiumServer -->
  <testcase name="@AfterSuite stopAppiumServer" time="0.0" classname="com.cbt.docsapp.util.BaseClass_Android">
    <ignored/>
  </testcase> <!-- @AfterSuite stopAppiumServer -->
</testsuite> <!-- Module1_ANDROID -->
