<?xml version="1.0" encoding="UTF-8"?>
<!-- Generated by org.testng.reporters.JUnitXMLReporter -->
<testsuite hostname="TYSS-MF-034" ignored="2" name="Module1_ANDROID" tests="2" failures="1" timestamp="08 Dec 2017 11:19:23 GMT" time="379.53" errors="0">
  <testcase name="TC_1" time="86.843" classname="com.cbt.docsapp.android.tests.Module1.TC_1"/>
  <testcase name="TC_2" time="113.495" classname="com.cbt.docsapp.android.tests.Module1.TC_2">
    <failure type="java.lang.AssertionError" message="element ConsultADoctorPage is not displayed">
      <![CDATA[java.lang.AssertionError: element ConsultADoctorPage is not displayed
	at com.cbt.docsapp.util.Execution_Android.display(Execution_Android.java:359)
	at com.cbt.docsapp.util.Execution_Android.executeAction(Execution_Android.java:291)
	at com.cbt.docsapp.util.Execution_Android.performAction(Execution_Android.java:267)
	at com.cbt.docsapp.util.Execution_Android.executeStep(Execution_Android.java:133)
	at com.cbt.docsapp.util.Execution_Android.extractEachStep(Execution_Android.java:82)
	at com.cbt.docsapp.util.Execution_Android.getTestStepInfo(Execution_Android.java:73)
	at com.cbt.docsapp.util.ExecuteMapping_AndroidTestcases.executeAction(ExecuteMapping_AndroidTestcases.java:26)
	at com.cbt.docsapp.android.tests.Module1.TC_2.TC_2(TC_2.java:19)
	at java.util.concurrent.FutureTask.run(FutureTask.java:266)
	at java.util.concurrent.ThreadPoolExecutor.runWorker(ThreadPoolExecutor.java:1142)
	at java.util.concurrent.ThreadPoolExecutor$Worker.run(ThreadPoolExecutor.java:617)
	at java.lang.Thread.run(Thread.java:745)
... Removed 17 stack frames]]>
    </failure>
  </testcase> <!-- TC_2 -->
  <testcase name="@BeforeTest startAppiumServer" time="0.0" classname="com.cbt.docsapp.util.BaseClass_Android">
    <ignored/>
  </testcase> <!-- @BeforeTest startAppiumServer -->
  <testcase name="@AfterSuite stopAppiumServer" time="0.0" classname="com.cbt.docsapp.util.BaseClass_Android">
    <ignored/>
  </testcase> <!-- @AfterSuite stopAppiumServer -->
</testsuite> <!-- Module1_ANDROID -->
