<?xml version="1.0" encoding="UTF-8"?>
<!-- Generated by org.testng.reporters.JUnitXMLReporter -->
<testsuite hostname="CBT-Naveena" ignored="0" name="Module1_ANDROIDdevice3" tests="1" failures="0" timestamp="17 Nov 2017 05:20:13 GMT" time="17.432" errors="0">
  <testcase name="@BeforeClass launch" time="2.029" classname="com.cbt.zoomcar.util.BaseClass_Android">
    <failure type="org.openqa.selenium.SessionNotCreatedException" message="Unable to create new remote session. desired capabilities = Capabilities [{app=C:\Users\Administrator\git\zoomcar-test-automation_vinay_2\zoomcar.apk, appPackage=com.zoomcar, noReset=false, deviceName=SM-J700F, fullReset=false, appActivity=com.zoomcar.activity.SplashActivity, newCommandTimeout=60000, platformVersion=6.0.1, automationName=Appium, autoGrantPermissions=true, platformName=Android, udid=10.10.11.92:5555, autoAcceptAlerts=true}], required capabilities = Capabilities [{}]
Build info: version: &amp;apos;3.0.1&amp;apos;, revision: &amp;apos;1969d75&amp;apos;, time: &amp;apos;2016-10-18 09:49:13 -0700&amp;apos;
System info: host: &amp;apos;CBT-Naveena&amp;apos;, ip: &amp;apos;10.10.11.99&amp;apos;, os.name: &amp;apos;Windows 8.1&amp;apos;, os.arch: &amp;apos;amd64&amp;apos;, os.version: &amp;apos;6.3&amp;apos;, java.version: &amp;apos;1.8.0_101&amp;apos;
Driver info: driver.version: AndroidDriver">
      <![CDATA[org.openqa.selenium.SessionNotCreatedException: Unable to create new remote session. desired capabilities = Capabilities [{app=C:\Users\Administrator\git\zoomcar-test-automation_vinay_2\zoomcar.apk, appPackage=com.zoomcar, noReset=false, deviceName=SM-J700F, fullReset=false, appActivity=com.zoomcar.activity.SplashActivity, newCommandTimeout=60000, platformVersion=6.0.1, automationName=Appium, autoGrantPermissions=true, platformName=Android, udid=10.10.11.92:5555, autoAcceptAlerts=true}], required capabilities = Capabilities [{}]
Build info: version: '3.0.1', revision: '1969d75', time: '2016-10-18 09:49:13 -0700'
System info: host: 'CBT-Naveena', ip: '10.10.11.99', os.name: 'Windows 8.1', os.arch: 'amd64', os.version: '6.3', java.version: '1.8.0_101'
Driver info: driver.version: AndroidDriver
	at org.openqa.selenium.remote.ProtocolHandshake.createSession(ProtocolHandshake.java:91)
	at org.openqa.selenium.remote.HttpCommandExecutor.execute(HttpCommandExecutor.java:141)
	at io.appium.java_client.remote.AppiumCommandExecutor.execute(AppiumCommandExecutor.java:69)
	at org.openqa.selenium.remote.RemoteWebDriver.execute(RemoteWebDriver.java:601)
	at io.appium.java_client.DefaultGenericMobileDriver.execute(DefaultGenericMobileDriver.java:40)
	at io.appium.java_client.AppiumDriver.execute(AppiumDriver.java:1)
	at io.appium.java_client.android.AndroidDriver.execute(AndroidDriver.java:1)
	at org.openqa.selenium.remote.RemoteWebDriver.startSession(RemoteWebDriver.java:241)
	at org.openqa.selenium.remote.RemoteWebDriver.<init>(RemoteWebDriver.java:128)
	at org.openqa.selenium.remote.RemoteWebDriver.<init>(RemoteWebDriver.java:141)
	at io.appium.java_client.DefaultGenericMobileDriver.<init>(DefaultGenericMobileDriver.java:36)
	at io.appium.java_client.AppiumDriver.<init>(AppiumDriver.java:114)
	at io.appium.java_client.AppiumDriver.<init>(AppiumDriver.java:132)
	at io.appium.java_client.android.AndroidDriver.<init>(AndroidDriver.java:92)
	at com.cbt.zoomcar.util.BaseClass_Android.launchApp(BaseClass_Android.java:73)
	at com.cbt.zoomcar.util.BaseClass_Android.launch(BaseClass_Android.java:85)
	at java.util.concurrent.FutureTask.run(FutureTask.java:266)
	at java.util.concurrent.ThreadPoolExecutor.runWorker(ThreadPoolExecutor.java:1142)
	at java.util.concurrent.ThreadPoolExecutor$Worker.run(ThreadPoolExecutor.java:617)
	at java.lang.Thread.run(Thread.java:745)
... Removed 16 stack frames]]>
    </failure>
  </testcase> <!-- @BeforeClass launch -->
  <testcase name="@AfterClass resrtApp" time="0.0" classname="com.cbt.zoomcar.util.BaseClass_Android">
    <skipped/>
  </testcase> <!-- @AfterClass resrtApp -->
  <testcase name="TC_1" time="0.0" classname="com.cbt.zoomcar.android.tests.Module1.TC_1">
    <skipped/>
  </testcase> <!-- TC_1 -->
</testsuite> <!-- Module1_ANDROIDdevice3 -->
