<?xml version="1.0" encoding="UTF-8"?>
<!-- Generated by org.testng.reporters.JUnitXMLReporter -->
<testsuite hostname="CBT-Naveena" ignored="0" name="SampleTest" tests="1" failures="0" timestamp="30 Oct 2017 09:24:49 GMT" time="0.07" errors="0">
  <testcase name="@BeforeTest DriverFactory" time="0.011" classname="com.cbt.zoomcar.init.DriverFactory">
    <failure type="java.lang.NullPointerException">
      <![CDATA[java.lang.NullPointerException
	at com.cbt.zoomcar.init.DriverFactory.DriverFactory(DriverFactory.java:60)
... Removed 23 stack frames]]>
    </failure>
  </testcase> <!-- @BeforeTest DriverFactory -->
  <testcase name="testInitTest" time="0.0" classname="com.cbt.zoomacr.tests.Sample">
    <skipped/>
  </testcase> <!-- testInitTest -->
</testsuite> <!-- SampleTest -->
