<?xml version="1.0" encoding="UTF-8"?>
<testng-results skipped="0" failed="0" ignored="2" total="4" passed="2">
  <reporter-output>
    <line>
      <![CDATA[STEP1]]>
    </line>
    <line>
      <![CDATA[STEP2]]>
    </line>
    <line>
      <![CDATA[STEP3]]>
    </line>
    <line>
      <![CDATA[STEP4]]>
    </line>
    <line>
      <![CDATA[STEP5]]>
    </line>
    <line>
      <![CDATA[STEP6]]>
    </line>
    <line>
      <![CDATA[STEP7]]>
    </line>
    <line>
      <![CDATA[STEP8]]>
    </line>
    <line>
      <![CDATA[STEP9]]>
    </line>
    <line>
      <![CDATA[STEP10]]>
    </line>
    <line>
      <![CDATA[STEP11]]>
    </line>
    <line>
      <![CDATA[STEP12]]>
    </line>
    <line>
      <![CDATA[STEP13]]>
    </line>
    <line>
      <![CDATA[STEP14]]>
    </line>
    <line>
      <![CDATA[STEP15]]>
    </line>
    <line>
      <![CDATA[STEP16]]>
    </line>
    <line>
      <![CDATA[STEP17]]>
    </line>
    <line>
      <![CDATA[STEP18]]>
    </line>
    <line>
      <![CDATA[STEP19]]>
    </line>
    <line>
      <![CDATA[STEP20]]>
    </line>
    <line>
      <![CDATA[STEP21]]>
    </line>
    <line>
      <![CDATA[STEP22]]>
    </line>
    <line>
      <![CDATA[STEP23]]>
    </line>
    <line>
      <![CDATA[STEP24]]>
    </line>
    <line>
      <![CDATA[STEP25]]>
    </line>
    <line>
      <![CDATA[STEP26]]>
    </line>
    <line>
      <![CDATA[STEP27]]>
    </line>
    <line>
      <![CDATA[STEP28]]>
    </line>
    <line>
      <![CDATA[STEP29]]>
    </line>
    <line>
      <![CDATA[STEP30]]>
    </line>
    <line>
      <![CDATA[STEP31]]>
    </line>
    <line>
      <![CDATA[STEP32]]>
    </line>
    <line>
      <![CDATA[STEP33]]>
    </line>
    <line>
      <![CDATA[STEP34]]>
    </line>
    <line>
      <![CDATA[STEP35]]>
    </line>
  </reporter-output>
  <suite name="Suite" duration-ms="485256" started-at="2017-11-30T11:16:32Z" finished-at="2017-11-30T11:24:37Z">
    <groups>
    </groups>
    <test name="Module1_ANDROID" duration-ms="485256" started-at="2017-11-30T11:16:32Z" finished-at="2017-11-30T11:24:37Z">
      <class name="com.cbt.docsapp.android.tests.Module1.TC_2">
        <test-method status="PASS" signature="launch(int, java.lang.String, java.lang.String, java.lang.String)[pri:0, instance:com.cbt.docsapp.android.tests.Module1.TC_2@148080bb]" name="launch" is-config="true" duration-ms="74989" started-at="2017-11-30T16:49:54Z" finished-at="2017-11-30T16:51:09Z">
          <params>
            <param index="0">
              <value>
                <![CDATA[4729]]>
              </value>
            </param>
            <param index="1">
              <value>
                <![CDATA[420076ac967123f9]]>
              </value>
            </param>
            <param index="2">
              <value>
                <![CDATA[5.1.1]]>
              </value>
            </param>
            <param index="3">
              <value>
                <![CDATA[SM-J200G]]>
              </value>
            </param>
          </params>
          <reporter-output>
          </reporter-output>
        </test-method> <!-- launch -->
        <test-method status="PASS" signature="TC_2(java.lang.String)[pri:0, instance:com.cbt.docsapp.android.tests.Module1.TC_2@148080bb]" name="TC_2" duration-ms="162293" started-at="2017-11-30T16:51:09Z" description="Add description here" finished-at="2017-11-30T16:53:51Z">
          <params>
            <param index="0">
              <value>
                <![CDATA[SM-J200G]]>
              </value>
            </param>
          </params>
          <reporter-output>
            <line>
              <![CDATA[STEP10]]>
            </line>
            <line>
              <![CDATA[STEP11]]>
            </line>
            <line>
              <![CDATA[STEP12]]>
            </line>
            <line>
              <![CDATA[STEP13]]>
            </line>
            <line>
              <![CDATA[STEP14]]>
            </line>
            <line>
              <![CDATA[STEP15]]>
            </line>
            <line>
              <![CDATA[STEP16]]>
            </line>
            <line>
              <![CDATA[STEP17]]>
            </line>
            <line>
              <![CDATA[STEP18]]>
            </line>
            <line>
              <![CDATA[STEP19]]>
            </line>
            <line>
              <![CDATA[STEP20]]>
            </line>
            <line>
              <![CDATA[STEP21]]>
            </line>
            <line>
              <![CDATA[STEP22]]>
            </line>
            <line>
              <![CDATA[STEP23]]>
            </line>
            <line>
              <![CDATA[STEP24]]>
            </line>
            <line>
              <![CDATA[STEP25]]>
            </line>
            <line>
              <![CDATA[STEP26]]>
            </line>
            <line>
              <![CDATA[STEP27]]>
            </line>
            <line>
              <![CDATA[STEP28]]>
            </line>
            <line>
              <![CDATA[STEP29]]>
            </line>
            <line>
              <![CDATA[STEP30]]>
            </line>
            <line>
              <![CDATA[STEP31]]>
            </line>
            <line>
              <![CDATA[STEP32]]>
            </line>
            <line>
              <![CDATA[STEP33]]>
            </line>
            <line>
              <![CDATA[STEP34]]>
            </line>
            <line>
              <![CDATA[STEP35]]>
            </line>
          </reporter-output>
        </test-method> <!-- TC_2 -->
        <test-method status="PASS" signature="resrtApp()[pri:0, instance:com.cbt.docsapp.android.tests.Module1.TC_2@148080bb]" name="resrtApp" is-config="true" duration-ms="46266" started-at="2017-11-30T16:53:51Z" finished-at="2017-11-30T16:54:37Z">
          <reporter-output>
          </reporter-output>
        </test-method> <!-- resrtApp -->
      </class> <!-- com.cbt.docsapp.android.tests.Module1.TC_2 -->
      <class name="com.cbt.docsapp.android.tests.Module1.TC_1">
        <test-method status="PASS" signature="startAppiumServer(int, java.lang.String, java.lang.String, java.lang.String)[pri:0, instance:com.cbt.docsapp.android.tests.Module1.TC_1@55d56113]" name="startAppiumServer" is-config="true" duration-ms="14131" started-at="2017-11-30T16:46:32Z" finished-at="2017-11-30T16:46:46Z">
          <params>
            <param index="0">
              <value>
                <![CDATA[4729]]>
              </value>
            </param>
            <param index="1">
              <value>
                <![CDATA[420076ac967123f9]]>
              </value>
            </param>
            <param index="2">
              <value>
                <![CDATA[5.1.1]]>
              </value>
            </param>
            <param index="3">
              <value>
                <![CDATA[SM-J200G]]>
              </value>
            </param>
          </params>
          <reporter-output>
          </reporter-output>
        </test-method> <!-- startAppiumServer -->
        <test-method status="PASS" signature="launch(int, java.lang.String, java.lang.String, java.lang.String)[pri:0, instance:com.cbt.docsapp.android.tests.Module1.TC_1@55d56113]" name="launch" is-config="true" duration-ms="51587" started-at="2017-11-30T16:46:46Z" finished-at="2017-11-30T16:47:38Z">
          <params>
            <param index="0">
              <value>
                <![CDATA[4729]]>
              </value>
            </param>
            <param index="1">
              <value>
                <![CDATA[420076ac967123f9]]>
              </value>
            </param>
            <param index="2">
              <value>
                <![CDATA[5.1.1]]>
              </value>
            </param>
            <param index="3">
              <value>
                <![CDATA[SM-J200G]]>
              </value>
            </param>
          </params>
          <reporter-output>
          </reporter-output>
        </test-method> <!-- launch -->
        <test-method status="PASS" signature="TC_1(java.lang.String)[pri:0, instance:com.cbt.docsapp.android.tests.Module1.TC_1@55d56113]" name="TC_1" duration-ms="89763" started-at="2017-11-30T16:47:38Z" description="Add description here" finished-at="2017-11-30T16:49:07Z">
          <params>
            <param index="0">
              <value>
                <![CDATA[SM-J200G]]>
              </value>
            </param>
          </params>
          <reporter-output>
            <line>
              <![CDATA[STEP1]]>
            </line>
            <line>
              <![CDATA[STEP2]]>
            </line>
            <line>
              <![CDATA[STEP3]]>
            </line>
            <line>
              <![CDATA[STEP4]]>
            </line>
            <line>
              <![CDATA[STEP5]]>
            </line>
            <line>
              <![CDATA[STEP6]]>
            </line>
            <line>
              <![CDATA[STEP7]]>
            </line>
            <line>
              <![CDATA[STEP8]]>
            </line>
            <line>
              <![CDATA[STEP9]]>
            </line>
          </reporter-output>
        </test-method> <!-- TC_1 -->
        <test-method status="PASS" signature="resrtApp()[pri:0, instance:com.cbt.docsapp.android.tests.Module1.TC_1@55d56113]" name="resrtApp" is-config="true" duration-ms="46200" started-at="2017-11-30T16:49:07Z" finished-at="2017-11-30T16:49:54Z">
          <reporter-output>
          </reporter-output>
        </test-method> <!-- resrtApp -->
        <test-method status="FAIL" signature="stopAppiumServer()[pri:0, instance:com.cbt.docsapp.android.tests.Module1.TC_1@55d56113]" name="stopAppiumServer" is-config="true" duration-ms="1259" started-at="2017-11-30T16:54:37Z" finished-at="2017-11-30T16:54:39Z">
          <exception class="org.openqa.selenium.remote.UnreachableBrowserException">
            <message>
              <![CDATA[Error communicating with the remote browser. It may have died.
Build info: version: '2.53.1', revision: 'a36b8b1cd5757287168e54b817830adce9b0158d', time: '2016-06-30 19:26:09'
System info: host: 'TYSS-MF-034', ip: '10.10.11.63', os.name: 'Windows 10', os.arch: 'amd64', os.version: '10.0', java.version: '1.8.0_60'
Driver info: driver.version: RemoteWebDriver
Capabilities [{app=D:\DocsApp\DocsApp-test-automation\DocsApp_com.docsapp.patients.apk, appPackage=com.docsapp.patients, networkConnectionEnabled=true, noReset=false, warnings={}, databaseEnabled=false, deviceName=420076ac967123f9, fullReset=true, platform=LINUX, deviceUDID=420076ac967123f9, appActivity=com.docsapp.patients.app.MainActivity, desired={app=D:\DocsApp\DocsApp-test-automation\DocsApp_com.docsapp.patients.apk, appPackage=com.docsapp.patients, noReset=false, deviceName=SM-J200G, fullReset=true, appActivity=com.docsapp.patients.app.MainActivity, newCommandTimeout=60000, platformVersion=5.1.1, automationName=Appium, autoGrantPermissions=true, platformName=Android, udid=420076ac967123f9, autoAcceptAlerts=true}, newCommandTimeout=60000, platformVersion=5.1.1, webStorageEnabled=false, locationContextEnabled=false, automationName=Appium, takesScreenshot=true, autoGrantPermissions=true, javascriptEnabled=true, platformName=Android, udid=420076ac967123f9, autoAcceptAlerts=true}]
Session ID: 7f3ba102-043b-4e39-a663-e6a90ec73eb9]]>
            </message>
            <full-stacktrace>
              <![CDATA[org.openqa.selenium.remote.UnreachableBrowserException: Error communicating with the remote browser. It may have died.
Build info: version: '2.53.1', revision: 'a36b8b1cd5757287168e54b817830adce9b0158d', time: '2016-06-30 19:26:09'
System info: host: 'TYSS-MF-034', ip: '10.10.11.63', os.name: 'Windows 10', os.arch: 'amd64', os.version: '10.0', java.version: '1.8.0_60'
Driver info: driver.version: RemoteWebDriver
Capabilities [{app=D:\DocsApp\DocsApp-test-automation\DocsApp_com.docsapp.patients.apk, appPackage=com.docsapp.patients, networkConnectionEnabled=true, noReset=false, warnings={}, databaseEnabled=false, deviceName=420076ac967123f9, fullReset=true, platform=LINUX, deviceUDID=420076ac967123f9, appActivity=com.docsapp.patients.app.MainActivity, desired={app=D:\DocsApp\DocsApp-test-automation\DocsApp_com.docsapp.patients.apk, appPackage=com.docsapp.patients, noReset=false, deviceName=SM-J200G, fullReset=true, appActivity=com.docsapp.patients.app.MainActivity, newCommandTimeout=60000, platformVersion=5.1.1, automationName=Appium, autoGrantPermissions=true, platformName=Android, udid=420076ac967123f9, autoAcceptAlerts=true}, newCommandTimeout=60000, platformVersion=5.1.1, webStorageEnabled=false, locationContextEnabled=false, automationName=Appium, takesScreenshot=true, autoGrantPermissions=true, javascriptEnabled=true, platformName=Android, udid=420076ac967123f9, autoAcceptAlerts=true}]
Session ID: 7f3ba102-043b-4e39-a663-e6a90ec73eb9
	at org.openqa.selenium.remote.RemoteWebDriver.execute(RemoteWebDriver.java:665)
	at io.appium.java_client.DefaultGenericMobileDriver.execute(DefaultGenericMobileDriver.java:40)
	at io.appium.java_client.AppiumDriver.execute(AppiumDriver.java:235)
	at org.openqa.selenium.remote.RemoteWebDriver.quit(RemoteWebDriver.java:526)
	at com.cbt.docsapp.util.BaseClass_Android.stopAppiumServer(BaseClass_Android.java:102)
	at sun.reflect.NativeMethodAccessorImpl.invoke0(Native Method)
	at sun.reflect.NativeMethodAccessorImpl.invoke(NativeMethodAccessorImpl.java:62)
	at sun.reflect.DelegatingMethodAccessorImpl.invoke(DelegatingMethodAccessorImpl.java:43)
	at java.lang.reflect.Method.invoke(Method.java:497)
	at org.testng.internal.MethodInvocationHelper.invokeMethod(MethodInvocationHelper.java:108)
	at org.testng.internal.Invoker.invokeConfigurationMethod(Invoker.java:523)
	at org.testng.internal.Invoker.invokeConfigurations(Invoker.java:224)
	at org.testng.internal.Invoker.invokeConfigurations(Invoker.java:146)
	at org.testng.SuiteRunner.privateRun(SuiteRunner.java:395)
	at org.testng.SuiteRunner.run(SuiteRunner.java:334)
	at org.testng.SuiteRunnerWorker.runSuite(SuiteRunnerWorker.java:52)
	at org.testng.SuiteRunnerWorker.run(SuiteRunnerWorker.java:86)
	at org.testng.TestNG.runSuitesSequentially(TestNG.java:1318)
	at org.testng.TestNG.runSuitesLocally(TestNG.java:1243)
	at org.testng.TestNG.runSuites(TestNG.java:1161)
	at org.testng.TestNG.run(TestNG.java:1129)
	at org.testng.remote.AbstractRemoteTestNG.run(AbstractRemoteTestNG.java:114)
	at org.testng.remote.RemoteTestNG.initAndRun(RemoteTestNG.java:251)
	at org.testng.remote.RemoteTestNG.main(RemoteTestNG.java:77)
Caused by: org.openqa.selenium.WebDriverException: org.apache.http.conn.HttpHostConnectException: Connect to 127.0.0.1:4729 [/127.0.0.1] failed: Connection refused: connect
Build info: version: '2.53.1', revision: 'a36b8b1cd5757287168e54b817830adce9b0158d', time: '2016-06-30 19:26:09'
System info: host: 'TYSS-MF-034', ip: '10.10.11.63', os.name: 'Windows 10', os.arch: 'amd64', os.version: '10.0', java.version: '1.8.0_60'
Driver info: driver.version: RemoteWebDriver
	at io.appium.java_client.remote.AppiumCommandExecutor.execute(AppiumCommandExecutor.java:84)
	at org.openqa.selenium.remote.RemoteWebDriver.execute(RemoteWebDriver.java:644)
	... 23 more
Caused by: org.apache.http.conn.HttpHostConnectException: Connect to 127.0.0.1:4729 [/127.0.0.1] failed: Connection refused: connect
	at org.apache.http.impl.conn.DefaultHttpClientConnectionOperator.connect(DefaultHttpClientConnectionOperator.java:159)
	at org.apache.http.impl.conn.PoolingHttpClientConnectionManager.connect(PoolingHttpClientConnectionManager.java:359)
	at org.apache.http.impl.execchain.MainClientExec.establishRoute(MainClientExec.java:381)
	at org.apache.http.impl.execchain.MainClientExec.execute(MainClientExec.java:237)
	at org.apache.http.impl.execchain.ProtocolExec.execute(ProtocolExec.java:185)
	at org.apache.http.impl.execchain.RetryExec.execute(RetryExec.java:89)
	at org.apache.http.impl.execchain.RedirectExec.execute(RedirectExec.java:111)
	at org.apache.http.impl.client.InternalHttpClient.doExecute(InternalHttpClient.java:185)
	at org.apache.http.impl.client.CloseableHttpClient.execute(CloseableHttpClient.java:72)
	at org.apache.http.impl.client.CloseableHttpClient.execute(CloseableHttpClient.java:56)
	at org.openqa.selenium.remote.internal.ApacheHttpClient.fallBackExecute(ApacheHttpClient.java:144)
	at org.openqa.selenium.remote.internal.ApacheHttpClient.execute(ApacheHttpClient.java:90)
	at org.openqa.selenium.remote.HttpCommandExecutor.execute(HttpCommandExecutor.java:142)
	at io.appium.java_client.remote.AppiumCommandExecutor.execute(AppiumCommandExecutor.java:69)
	... 24 more
Caused by: java.net.ConnectException: Connection refused: connect
	at java.net.DualStackPlainSocketImpl.waitForConnect(Native Method)
	at java.net.DualStackPlainSocketImpl.socketConnect(DualStackPlainSocketImpl.java:85)
	at java.net.AbstractPlainSocketImpl.doConnect(AbstractPlainSocketImpl.java:350)
	at java.net.AbstractPlainSocketImpl.connectToAddress(AbstractPlainSocketImpl.java:206)
	at java.net.AbstractPlainSocketImpl.connect(AbstractPlainSocketImpl.java:188)
	at java.net.PlainSocketImpl.connect(PlainSocketImpl.java:172)
	at java.net.SocksSocketImpl.connect(SocksSocketImpl.java:392)
	at java.net.Socket.connect(Socket.java:589)
	at org.apache.http.conn.socket.PlainConnectionSocketFactory.connectSocket(PlainConnectionSocketFactory.java:75)
	at org.apache.http.impl.conn.DefaultHttpClientConnectionOperator.connect(DefaultHttpClientConnectionOperator.java:142)
	... 37 more
]]>
            </full-stacktrace>
          </exception> <!-- org.openqa.selenium.remote.UnreachableBrowserException -->
          <reporter-output>
          </reporter-output>
        </test-method> <!-- stopAppiumServer -->
      </class> <!-- com.cbt.docsapp.android.tests.Module1.TC_1 -->
    </test> <!-- Module1_ANDROID -->
  </suite> <!-- Suite -->
</testng-results>
